c:\users\lewis\projects\cmp505\tertut01\engine\bin\desktop_2015\x64\debug\vc143.pdb
c:\users\lewis\projects\cmp505\tertut01\engine\bin\desktop_2015\x64\debug\vc143.idb
c:\users\lewis\projects\cmp505\tertut01\engine\bin\desktop_2015\x64\debug\terrain.obj
c:\users\lewis\projects\cmp505\tertut01\engine\bin\desktop_2015\x64\debug\main.obj
c:\users\lewis\projects\cmp505\tertut01\engine\bin\desktop_2015\x64\debug\input.obj
c:\users\lewis\projects\cmp505\tertut01\engine\bin\desktop_2015\x64\debug\game.obj
c:\users\lewis\projects\cmp505\tertut01\engine\bin\desktop_2015\x64\debug\directxtksimplesample_2015.pch
c:\users\lewis\projects\cmp505\tertut01\engine\bin\desktop_2015\x64\debug\pch.obj
c:\users\lewis\projects\cmp505\tertut01\engine\bin\desktop_2015\x64\debug\modelclass.obj
c:\users\lewis\projects\cmp505\tertut01\engine\bin\desktop_2015\x64\debug\imgui_widgets.obj
c:\users\lewis\projects\cmp505\tertut01\engine\bin\desktop_2015\x64\debug\imgui_impl_win32.obj
c:\users\lewis\projects\cmp505\tertut01\engine\bin\desktop_2015\x64\debug\imgui_impl_dx11.obj
c:\users\lewis\projects\cmp505\tertut01\engine\bin\desktop_2015\x64\debug\imgui_draw.obj
c:\users\lewis\projects\cmp505\tertut01\engine\bin\desktop_2015\x64\debug\imgui_demo.obj
c:\users\lewis\projects\cmp505\tertut01\engine\bin\desktop_2015\x64\debug\imgui.obj
c:\users\lewis\projects\cmp505\tertut01\engine\bin\desktop_2015\x64\debug\shader.obj
c:\users\lewis\projects\cmp505\tertut01\engine\bin\desktop_2015\x64\debug\rendertexture.obj
c:\users\lewis\projects\cmp505\tertut01\engine\bin\desktop_2015\x64\debug\light.obj
c:\users\lewis\projects\cmp505\tertut01\engine\bin\desktop_2015\x64\debug\deviceresources.obj
c:\users\lewis\projects\cmp505\tertut01\engine\bin\desktop_2015\x64\debug\camera.obj
c:\users\lewis\projects\cmp505\tertut01\engine\bin\desktop_2015\x64\debug\postprocessing.obj
c:\users\lewis\projects\cmp505\tertut01\engine\bin\desktop_2015\x64\debug\skyboxeffect.obj
c:\users\lewis\projects\cmp505\tertut01\engine\bin\desktop_2015\x64\debug\bufferhelpers.obj
c:\users\lewis\projects\cmp505\tertut01\engine\bin\desktop_2015\x64\debug\collectable.obj
c:\users\lewis\projects\cmp505\tertut01\engine\colour_vs.cso
c:\users\lewis\projects\cmp505\tertut01\engine\light_ps.cso
c:\users\lewis\projects\cmp505\tertut01\engine\light_vs.cso
c:\users\lewis\projects\cmp505\tertut01\engine\terrain_ps.cso
c:\users\lewis\projects\cmp505\tertut01\engine\terrain_vs.cso
c:\users\lewis\projects\cmp505\tertut01\engine\grayscale_ps.cso
c:\users\lewis\projects\cmp505\tertut01\engine\nopostprocessing_ps.cso
c:\users\lewis\projects\cmp505\tertut01\engine\gaussianblur_ps.cso
c:\users\lewis\projects\cmp505\tertut01\engine\bloomcomposite_ps.cso
c:\users\lewis\projects\cmp505\tertut01\engine\bloomextract_ps.cso
c:\users\lewis\projects\cmp505\tertut01\engine\skyboxeffect_ps.cso
c:\users\lewis\projects\cmp505\tertut01\engine\skyboxeffect_vs.cso
c:\users\lewis\projects\cmp505\tertut01\engine\colour_ps.cso
c:\users\lewis\projects\cmp505\tertut01\engine\collectable_vs.cso
c:\users\lewis\projects\cmp505\tertut01\engine\collectable_ps.cso
c:\users\lewis\projects\cmp505\tertut01\engine\bin\desktop_2015\x64\debug\directxtksimplesample_2015.lib
c:\users\lewis\projects\cmp505\tertut01\engine\bin\desktop_2015\x64\debug\directxtksimplesample_2015.exp
c:\users\lewis\projects\cmp505\tertut01\engine\bin\desktop_2015\x64\debug\directxtksimplesample_2015.exe
c:\users\lewis\projects\cmp505\tertut01\engine\bin\desktop_2015\x64\debug\directxtksimplesample_2015.ilk
c:\users\lewis\projects\cmp505\tertut01\engine\bin\desktop_2015\x64\debug\directxtksimplesample_2015.pdb
c:\users\lewis\projects\cmp505\tertut01\engine\bin\desktop_2015\x64\debug\resource.res
c:\users\lewis\projects\cmp505\tertut01\engine\bin\desktop_2015\x64\debug\directxtksimplesample_2015.exe.embed.manifest.res
c:\users\lewis\projects\cmp505\tertut01\engine\bin\desktop_2015\x64\debug\postprocessingshader.obj
c:\users\lewis\projects\cmp505\tertut01\engine\bin\desktop_2015\x64\debug\terrain.obj.enc
c:\users\lewis\projects\cmp505\tertut01\engine\bin\desktop_2015\x64\debug\directxtksimplesample_2015.exe.embed.manifest
c:\users\lewis\projects\cmp505\tertut01\engine\bin\desktop_2015\x64\debug\directxtksimplesample_2015_manifest.rc
c:\users\lewis\projects\cmp505\tertut01\engine\bin\desktop_2015\x64\debug\directxt.2c4f0429.tlog\cl.command.1.tlog
c:\users\lewis\projects\cmp505\tertut01\engine\bin\desktop_2015\x64\debug\directxt.2c4f0429.tlog\cl.items.tlog
c:\users\lewis\projects\cmp505\tertut01\engine\bin\desktop_2015\x64\debug\directxt.2c4f0429.tlog\cl.read.1.tlog
c:\users\lewis\projects\cmp505\tertut01\engine\bin\desktop_2015\x64\debug\directxt.2c4f0429.tlog\cl.write.1.tlog
c:\users\lewis\projects\cmp505\tertut01\engine\bin\desktop_2015\x64\debug\directxt.2c4f0429.tlog\fxc.command.1.tlog
c:\users\lewis\projects\cmp505\tertut01\engine\bin\desktop_2015\x64\debug\directxt.2c4f0429.tlog\fxc.read.1.tlog
c:\users\lewis\projects\cmp505\tertut01\engine\bin\desktop_2015\x64\debug\directxt.2c4f0429.tlog\fxc.write.1.tlog
c:\users\lewis\projects\cmp505\tertut01\engine\bin\desktop_2015\x64\debug\directxt.2c4f0429.tlog\link.command.1.tlog
c:\users\lewis\projects\cmp505\tertut01\engine\bin\desktop_2015\x64\debug\directxt.2c4f0429.tlog\link.read.1.tlog
c:\users\lewis\projects\cmp505\tertut01\engine\bin\desktop_2015\x64\debug\directxt.2c4f0429.tlog\link.write.1.tlog
c:\users\lewis\projects\cmp505\tertut01\engine\bin\desktop_2015\x64\debug\directxt.2c4f0429.tlog\link.write.2u.tlog
c:\users\lewis\projects\cmp505\tertut01\engine\bin\desktop_2015\x64\debug\directxt.2c4f0429.tlog\rc.command.1.tlog
c:\users\lewis\projects\cmp505\tertut01\engine\bin\desktop_2015\x64\debug\directxt.2c4f0429.tlog\rc.read.1.tlog
c:\users\lewis\projects\cmp505\tertut01\engine\bin\desktop_2015\x64\debug\directxt.2c4f0429.tlog\rc.write.1.tlog
